Determining if the pthread_create exist failed with the following output:
Change Dir: /home/hawkbot/点云配准实验代码/build/CMakeFiles/CMakeTmp

Run Build Command:"/usr/bin/make" "cmTC_52fbe/fast"
/usr/bin/make -f CMakeFiles/cmTC_52fbe.dir/build.make CMakeFiles/cmTC_52fbe.dir/build
make[1]: 进入目录“/home/hawkbot/点云配准实验代码/build/CMakeFiles/CMakeTmp”
Building C object CMakeFiles/cmTC_52fbe.dir/CheckSymbolExists.c.o
/usr/bin/cc    -o CMakeFiles/cmTC_52fbe.dir/CheckSymbolExists.c.o   -c /home/hawkbot/点云配准实验代码/build/CMakeFiles/CMakeTmp/CheckSymbolExists.c
Linking C executable cmTC_52fbe
/usr/bin/cmake -E cmake_link_script CMakeFiles/cmTC_52fbe.dir/link.txt --verbose=1
/usr/bin/cc      CMakeFiles/cmTC_52fbe.dir/CheckSymbolExists.c.o  -o cmTC_52fbe 
CMakeFiles/cmTC_52fbe.dir/CheckSymbolExists.c.o：在函数‘main’中：
CheckSymbolExists.c:(.text+0x1b)：对‘pthread_create’未定义的引用
collect2: error: ld returned 1 exit status
CMakeFiles/cmTC_52fbe.dir/build.make:97: recipe for target 'cmTC_52fbe' failed
make[1]: *** [cmTC_52fbe] Error 1
make[1]: 离开目录“/home/hawkbot/点云配准实验代码/build/CMakeFiles/CMakeTmp”
Makefile:126: recipe for target 'cmTC_52fbe/fast' failed
make: *** [cmTC_52fbe/fast] Error 2

File /home/hawkbot/点云配准实验代码/build/CMakeFiles/CMakeTmp/CheckSymbolExists.c:
/* */
#include <pthread.h>

int main(int argc, char** argv)
{
  (void)argv;
#ifndef pthread_create
  return ((int*)(&pthread_create))[argc];
#else
  (void)argc;
  return 0;
#endif
}

Determining if the function pthread_create exists in the pthreads failed with the following output:
Change Dir: /home/hawkbot/点云配准实验代码/build/CMakeFiles/CMakeTmp

Run Build Command:"/usr/bin/make" "cmTC_81e79/fast"
/usr/bin/make -f CMakeFiles/cmTC_81e79.dir/build.make CMakeFiles/cmTC_81e79.dir/build
make[1]: 进入目录“/home/hawkbot/点云配准实验代码/build/CMakeFiles/CMakeTmp”
Building C object CMakeFiles/cmTC_81e79.dir/CheckFunctionExists.c.o
/usr/bin/cc   -DCHECK_FUNCTION_EXISTS=pthread_create   -o CMakeFiles/cmTC_81e79.dir/CheckFunctionExists.c.o   -c /usr/share/cmake-3.10/Modules/CheckFunctionExists.c
Linking C executable cmTC_81e79
/usr/bin/cmake -E cmake_link_script CMakeFiles/cmTC_81e79.dir/link.txt --verbose=1
/usr/bin/cc  -DCHECK_FUNCTION_EXISTS=pthread_create    CMakeFiles/cmTC_81e79.dir/CheckFunctionExists.c.o  -o cmTC_81e79 -lpthreads 
/usr/bin/ld: 找不到 -lpthreads
collect2: error: ld returned 1 exit status
CMakeFiles/cmTC_81e79.dir/build.make:97: recipe for target 'cmTC_81e79' failed
make[1]: *** [cmTC_81e79] Error 1
make[1]: 离开目录“/home/hawkbot/点云配准实验代码/build/CMakeFiles/CMakeTmp”
Makefile:126: recipe for target 'cmTC_81e79/fast' failed
make: *** [cmTC_81e79/fast] Error 2


